<?xml version="1.0" encoding="UTF-8"?>
<!-- Generated by org.testng.reporters.JUnitXMLReporter -->
<testsuite hostname="LAPTOP-N0G0NBDP" ignored="0" name="Default test" tests="3" failures="0" timestamp="10 Jan 2021 02:47:50 GMT" time="0.16" errors="0">
  <testcase name="homepage" time="0.01" classname="appiumScripts.Annotations2"/>
  <testcase name="createemail" time="0.002" classname="appiumScripts.Annotations2"/>
  <testcase name="deleteemail" time="0.002" classname="appiumScripts.Annotations2"/>
</testsuite> <!-- Default test -->
